Start testing: Sep 16 15:20 CEST
----------------------------------------------------------
1/1 Testing: create_window
1/1 Test: create_window
Command: "/net/cremi/chapellegrini/ProjetTech/ptl3iug/build/tests/unit_tests" "create_window" "--durations" "yes" "--warn" "NoAssertions" "--name" "unit_tests ( build)"
Directory: /net/cremi/chapellegrini/ProjetTech/ptl3iug/build/tests
"create_window" start time: Sep 16 15:20 CEST
Output:
----------------------------------------------------------
create_window completed in 0.096272s
===============================================================================
All tests passed (2 assertions in 1 test case)

<end of output>
Test time =   0.19 sec
----------------------------------------------------------
Test Passed.
"create_window" end time: Sep 16 15:20 CEST
"create_window" time elapsed: 00:00:00
----------------------------------------------------------

End testing: Sep 16 15:20 CEST

unit =   0.19 sec

